c:\users\parksoyun\source\repos\gui_chat\classlibrary1\debug\classlibrary1.pch
c:\users\parksoyun\source\repos\gui_chat\classlibrary1\debug\vc141.pdb
c:\users\parksoyun\source\repos\gui_chat\classlibrary1\debug\stdafx.obj
c:\users\parksoyun\source\repos\gui_chat\classlibrary1\debug\classlibrary1.obj
c:\users\parksoyun\source\repos\gui_chat\classlibrary1\debug\assemblyinfo.obj
c:\users\parksoyun\source\repos\gui_chat\classlibrary1\debug\.netframework,version=v4.6.1.assemblyattributes.obj
c:\users\parksoyun\source\repos\gui_chat\classlibrary1\debug\.netframework,version=v4.6.1.assemblyattributes.asm
c:\users\parksoyun\source\repos\gui_chat\debug\classlibrary1.dll
c:\users\parksoyun\source\repos\gui_chat\debug\classlibrary1.pdb
c:\users\parksoyun\source\repos\gui_chat\classlibrary1\debug\app.res
c:\users\parksoyun\source\repos\gui_chat\classlibrary1\debug\classlibrary1.tlog\cl.command.1.tlog
c:\users\parksoyun\source\repos\gui_chat\classlibrary1\debug\classlibrary1.tlog\cl.read.1.tlog
c:\users\parksoyun\source\repos\gui_chat\classlibrary1\debug\classlibrary1.tlog\cl.write.1.tlog
c:\users\parksoyun\source\repos\gui_chat\classlibrary1\debug\classlibrary1.tlog\link.command.1.tlog
c:\users\parksoyun\source\repos\gui_chat\classlibrary1\debug\classlibrary1.tlog\link.read.1.tlog
c:\users\parksoyun\source\repos\gui_chat\classlibrary1\debug\classlibrary1.tlog\link.write.1.tlog
c:\users\parksoyun\source\repos\gui_chat\classlibrary1\debug\classlibrary1.tlog\metagen.read.1.tlog
c:\users\parksoyun\source\repos\gui_chat\classlibrary1\debug\classlibrary1.tlog\metagen.write.1.tlog
c:\users\parksoyun\source\repos\gui_chat\classlibrary1\debug\classlibrary1.tlog\rc.command.1.tlog
c:\users\parksoyun\source\repos\gui_chat\classlibrary1\debug\classlibrary1.tlog\rc.read.1.tlog
c:\users\parksoyun\source\repos\gui_chat\classlibrary1\debug\classlibrary1.tlog\rc.write.1.tlog
